빌드 시작: 2017-11-12 오후 11:48:59
     1>2 노드의 "C:\Users\우산\Documents\GitHub\simple_game\SnakeGame\SnakeGame\SnakeGame.vcxproj" 프로젝트(Build 대상)입니다.
     1>ClCompile:
         C:\Program Files (x86)\Microsoft Visual Studio 12.0\VC\bin\CL.exe /c /ZI /nologo /W3 /WX- /sdl /Od /Oy- /D WIN32 /D _DEBUG /D _CONSOLE /D _LIB /D _UNICODE /D UNICODE /Gm /EHsc /RTC1 /MDd /GS /fp:precise /Zc:wchar_t /Zc:forScope /Fo"Debug\\" /Fd"Debug\vc120.pdb" /Gd /TP /analyze- /errorReport:prompt Feed.cpp GameOver.cpp Logic.cpp Range.cpp Snake.cpp Stadium.cpp "소스.cpp"
         소스.cpp
         Stadium.cpp
         Logic.cpp
         코드를 생성하고 있습니다...
         컴파일하고 있습니다...
         Snake.cpp
     1>c:\users\우산\documents\github\simple_game\snakegame\snakegame\snake.cpp(83): warning C4018: '<' : signed 또는 unsigned가 일치하지 않습니다.
     1>c:\users\우산\documents\github\simple_game\snakegame\snakegame\snake.cpp(87): warning C4018: '<' : signed 또는 unsigned가 일치하지 않습니다.
         Range.cpp
         GameOver.cpp
     1>c:\users\우산\documents\github\simple_game\snakegame\snakegame\gameover.cpp(19): warning C4018: '<' : signed 또는 unsigned가 일치하지 않습니다.
         Feed.cpp
     1>c:\users\우산\documents\github\simple_game\snakegame\snakegame\feed.cpp(5): warning C4244: '인수' : 'time_t'에서 'unsigned int'(으)로 변환하면서 데이터가 손실될 수 있습니다.
     1>c:\users\우산\documents\github\simple_game\snakegame\snakegame\feed.cpp(9): warning C4018: '<' : signed 또는 unsigned가 일치하지 않습니다.
         코드를 생성하고 있습니다...
       Link:
         C:\Program Files (x86)\Microsoft Visual Studio 12.0\VC\bin\link.exe /ERRORREPORT:PROMPT /OUT:"C:\Users\우산\Documents\GitHub\simple_game\SnakeGame\Debug\SnakeGame.exe" /INCREMENTAL /NOLOGO kernel32.lib user32.lib gdi32.lib winspool.lib comdlg32.lib advapi32.lib shell32.lib ole32.lib oleaut32.lib uuid.lib odbc32.lib odbccp32.lib /MANIFEST /MANIFESTUAC:"level='asInvoker' uiAccess='false'" /manifest:embed /DEBUG /PDB:"C:\Users\우산\Documents\GitHub\simple_game\SnakeGame\Debug\SnakeGame.pdb" /SUBSYSTEM:CONSOLE /TLBID:1 /DYNAMICBASE /NXCOMPAT /IMPLIB:"C:\Users\우산\Documents\GitHub\simple_game\SnakeGame\Debug\SnakeGame.lib" /MACHINE:X86 Debug\Feed.obj
         Debug\GameOver.obj
         Debug\Logic.obj
         Debug\Range.obj
         Debug\Snake.obj
         Debug\Stadium.obj
         "Debug\소스.obj"
         SnakeGame.vcxproj -> C:\Users\우산\Documents\GitHub\simple_game\SnakeGame\Debug\SnakeGame.exe
     1>"C:\Users\우산\Documents\GitHub\simple_game\SnakeGame\SnakeGame\SnakeGame.vcxproj" 프로젝트를 빌드했습니다(Build 대상).

빌드했습니다.

경과 시간: 00:00:07.71
